15/03/2023
15:15:55 Ligou CLP
15:26:30 Ligou CLP
15:27:08 Ligou CLP
15:27:08 Ativou Alarme Motor desligado
15:28:21 Ligou CLP
15:28:21 Ativou Alarme Motor desligado
15:29:56 Ligou CLP
15:32:07 Ligou CLP
15:33:32 Ligou CLP
15:33:33 Ativou Alarme Motor desligado
15:33:39 senhaCorrente=****
15:34:04 Desativou Alarme Motor desligado
15:34:06 Ativou Alarme Motor desligado
15:34:06 Desativou Alarme Motor desligado
15:34:08 Ativou Alarme Motor desligado
15:34:08 Desativou Alarme Motor desligado
15:35:05 Ativou Alarme Protetor dianteiro aberto
15:35:05 Desativou Alarme Protetor dianteiro aberto
15:35:06 Ativou Alarme Protetor dianteiro aberto
15:35:06 Desativou Alarme Protetor dianteiro aberto
15:35:07 Ativou Alarme Protetor dianteiro aberto
15:35:10 Desativou Alarme Protetor dianteiro aberto
15:35:10 Ativou Alarme Protetor dianteiro aberto
15:35:12 Desativou Alarme Protetor dianteiro aberto
15:35:12 Ativou Alarme Protetor dianteiro aberto
15:35:12 Desativou Alarme Protetor dianteiro aberto
15:35:13 Ativou Alarme Protetor dianteiro aberto
15:35:13 Desativou Alarme Protetor dianteiro aberto
15:35:16 Ativou Alarme Protetor dianteiro aberto
15:35:17 Desativou Alarme Protetor dianteiro aberto
15:35:17 Ativou Alarme Protetor dianteiro aberto
15:35:17 Desativou Alarme Protetor dianteiro aberto
15:35:18 Ativou Alarme Protetor dianteiro aberto
15:35:18 Desativou Alarme Protetor dianteiro aberto
15:35:18 Ativou Alarme Protetor dianteiro aberto
15:35:18 Desativou Alarme Protetor dianteiro aberto
15:35:18 Ativou Alarme Protetor dianteiro aberto
15:35:19 Desativou Alarme Protetor dianteiro aberto
15:35:19 Ativou Alarme Protetor dianteiro aberto
15:35:19 Desativou Alarme Protetor dianteiro aberto
15:35:19 Ativou Alarme Protetor dianteiro aberto
15:35:19 Desativou Alarme Protetor dianteiro aberto
15:35:20 Ativou Alarme Protetor dianteiro aberto
15:35:20 Desativou Alarme Protetor dianteiro aberto
15:35:22 Ativou Alarme Protetor dianteiro aberto
15:35:22 Desativou Alarme Protetor dianteiro aberto
15:35:22 Ativou Alarme Protetor dianteiro aberto
15:35:23 Desativou Alarme Protetor dianteiro aberto
15:35:23 Ativou Alarme Protetor dianteiro aberto
15:35:23 Desativou Alarme Protetor dianteiro aberto
15:35:23 Ativou Alarme Protetor dianteiro aberto
15:35:23 Desativou Alarme Protetor dianteiro aberto
15:35:24 Ativou Alarme Protetor dianteiro aberto
15:35:24 Desativou Alarme Protetor dianteiro aberto
15:35:24 Ativou Alarme Protetor dianteiro aberto
15:35:24 Desativou Alarme Protetor dianteiro aberto
15:35:24 Ativou Alarme Protetor dianteiro aberto
15:35:24 Desativou Alarme Protetor dianteiro aberto
15:35:24 Ativou Alarme Protetor dianteiro aberto
15:35:24 Desativou Alarme Protetor dianteiro aberto
15:35:25 Ativou Alarme Protetor dianteiro aberto
15:35:25 Desativou Alarme Protetor dianteiro aberto
15:35:25 Ativou Alarme Protetor dianteiro aberto
15:35:25 Desativou Alarme Protetor dianteiro aberto
15:35:25 Ativou Alarme Protetor dianteiro aberto
15:35:25 Desativou Alarme Protetor dianteiro aberto
15:35:25 Ativou Alarme Protetor dianteiro aberto
15:35:26 Desativou Alarme Protetor dianteiro aberto
15:35:27 Ativou Alarme Protetor dianteiro aberto
15:35:27 Ativou Alarme Molde nao fechado
15:35:27 Desativou Alarme Protetor dianteiro aberto
15:35:27 Desativou Alarme Molde nao fechado
15:35:27 Ativou Alarme Protetor dianteiro aberto
15:35:27 Ativou Alarme Molde nao fechado
15:35:28 Desativou Alarme Protetor dianteiro aberto
15:35:28 Desativou Alarme Molde nao fechado
15:35:28 Ativou Alarme Protetor dianteiro aberto
15:35:28 Ativou Alarme Molde nao fechado
15:35:28 Desativou Alarme Protetor dianteiro aberto
15:35:28 Desativou Alarme Molde nao fechado
15:35:29 Ativou Alarme Protetor dianteiro aberto
15:35:29 Ativou Alarme Molde nao fechado
15:35:30 Desativou Alarme Protetor dianteiro aberto
15:35:30 Desativou Alarme Molde nao fechado
15:35:31 Ativou Alarme Protetor dianteiro aberto
15:35:31 Ativou Alarme Molde nao fechado
15:35:31 Desativou Alarme Protetor dianteiro aberto
15:35:31 Desativou Alarme Molde nao fechado
15:35:31 Ativou Alarme Protetor dianteiro aberto
15:35:31 Ativou Alarme Molde nao fechado
15:35:32 Desativou Alarme Protetor dianteiro aberto
15:35:32 Desativou Alarme Molde nao fechado
15:35:36 Ativou Alarme Protetor dianteiro aberto
15:35:36 Desativou Alarme Protetor dianteiro aberto
15:35:36 Ativou Alarme Protetor dianteiro aberto
15:35:36 Ativou Alarme Molde nao fechado
15:35:37 Desativou Alarme Protetor dianteiro aberto
15:35:37 Desativou Alarme Molde nao fechado
15:35:37 Ativou Alarme Protetor dianteiro aberto
15:35:37 Ativou Alarme Molde nao fechado
15:35:37 Desativou Alarme Protetor dianteiro aberto
15:35:37 Desativou Alarme Molde nao fechado
15:35:37 Ativou Alarme Protetor dianteiro aberto
15:35:37 Ativou Alarme Molde nao fechado
15:35:37 Desativou Alarme Protetor dianteiro aberto
15:35:37 Desativou Alarme Molde nao fechado
15:35:38 Ativou Alarme Protetor dianteiro aberto
15:35:38 Ativou Alarme Molde nao fechado
15:35:38 Desativou Alarme Protetor dianteiro aberto
15:35:38 Desativou Alarme Molde nao fechado
15:35:38 Ativou Alarme Protetor dianteiro aberto
15:35:38 Ativou Alarme Molde nao fechado
15:35:39 Desativou Alarme Protetor dianteiro aberto
15:35:39 Desativou Alarme Molde nao fechado
15:35:39 Ativou Alarme Protetor dianteiro aberto
15:35:39 Ativou Alarme Molde nao fechado
15:35:39 Desativou Alarme Protetor dianteiro aberto
15:35:39 Desativou Alarme Molde nao fechado
15:35:39 Ativou Alarme Protetor dianteiro aberto
15:35:39 Ativou Alarme Molde nao fechado
15:35:39 Desativou Alarme Protetor dianteiro aberto
15:35:39 Desativou Alarme Molde nao fechado
15:35:39 Ativou Alarme Protetor dianteiro aberto
15:35:39 Ativou Alarme Molde nao fechado
15:35:39 Desativou Alarme Protetor dianteiro aberto
15:35:39 Desativou Alarme Molde nao fechado
15:35:40 Ativou Alarme Protetor dianteiro aberto
15:35:40 Ativou Alarme Molde nao fechado
15:35:40 Desativou Alarme Protetor dianteiro aberto
15:35:40 Desativou Alarme Molde nao fechado
15:35:40 Ativou Alarme Protetor dianteiro aberto
15:35:40 Ativou Alarme Molde nao fechado
15:35:40 Desativou Alarme Protetor dianteiro aberto
15:35:40 Desativou Alarme Molde nao fechado
15:35:40 Ativou Alarme Protetor dianteiro aberto
15:35:40 Ativou Alarme Molde nao fechado
15:35:41 Desativou Alarme Protetor dianteiro aberto
15:35:41 Desativou Alarme Molde nao fechado
15:35:41 Ativou Alarme Protetor dianteiro aberto
15:35:41 Ativou Alarme Molde nao fechado
15:35:41 Desativou Alarme Protetor dianteiro aberto
15:35:41 Desativou Alarme Molde nao fechado
15:35:42 Ativou Alarme Protetor dianteiro aberto
15:35:42 Desativou Alarme Protetor dianteiro aberto
15:35:42 Ativou Alarme Protetor dianteiro aberto
15:35:42 Desativou Alarme Protetor dianteiro aberto
15:35:43 Ativou Alarme Protetor dianteiro aberto
15:35:43 Desativou Alarme Protetor dianteiro aberto
15:35:43 Ativou Alarme Protetor dianteiro aberto
15:35:43 Desativou Alarme Protetor dianteiro aberto
15:35:43 Ativou Alarme Protetor dianteiro aberto
15:35:44 Desativou Alarme Protetor dianteiro aberto
15:35:44 Ativou Alarme Protetor dianteiro aberto
15:35:44 Desativou Alarme Protetor dianteiro aberto
15:35:44 Ativou Alarme Protetor dianteiro aberto
15:35:44 Desativou Alarme Protetor dianteiro aberto
15:35:44 Ativou Alarme Protetor dianteiro aberto
15:35:44 Desativou Alarme Protetor dianteiro aberto
15:35:44 Ativou Alarme Protetor dianteiro aberto
15:35:44 Desativou Alarme Protetor dianteiro aberto
15:35:45 Ativou Alarme Protetor dianteiro aberto
15:35:45 Desativou Alarme Protetor dianteiro aberto
15:35:47 sensorProtetorDiantFechado=1 (ant=0)
15:35:48 Ativou Alarme Molde nao fechado
15:35:49 Desativou Alarme Molde nao fechado
15:35:49 Ativou Alarme Molde nao fechado
15:35:49 Desativou Alarme Molde nao fechado
15:35:49 Ativou Alarme Molde nao fechado
15:35:50 Desativou Alarme Molde nao fechado
15:35:51 Ativou Alarme Molde nao fechado
15:35:51 Desativou Alarme Molde nao fechado
15:35:51 Ativou Alarme Molde nao fechado
15:35:52 Desativou Alarme Molde nao fechado
15:35:52 Ativou Alarme Molde nao fechado
15:35:52 Desativou Alarme Molde nao fechado
15:35:54 Ativou Alarme Molde nao fechado
15:35:54 Desativou Alarme Molde nao fechado
15:46:56 Ligou CLP
15:46:56 Ativou Alarme Motor desligado
15:47:00 Desativou Alarme Motor desligado
15:47:05 Ativou Alarme Protetor dianteiro aberto
15:47:05 Ativou Alarme Molde nao fechado
15:47:06 Desativou Alarme Protetor dianteiro aberto
15:47:06 Desativou Alarme Molde nao fechado
15:47:06 Ativou Alarme Protetor dianteiro aberto
15:47:06 Ativou Alarme Molde nao fechado
15:47:07 Desativou Alarme Protetor dianteiro aberto
15:47:07 Desativou Alarme Molde nao fechado
15:47:08 Ativou Alarme Protetor dianteiro aberto
15:47:08 Ativou Alarme Molde nao fechado
15:47:11 Desativou Alarme Protetor dianteiro aberto
15:47:11 Desativou Alarme Molde nao fechado
15:47:11 Ativou Alarme Protetor dianteiro aberto
15:47:11 Ativou Alarme Molde nao fechado
15:47:12 Desativou Alarme Protetor dianteiro aberto
15:47:12 Desativou Alarme Molde nao fechado
15:47:12 Ativou Alarme Protetor dianteiro aberto
15:47:12 Ativou Alarme Molde nao fechado
15:47:12 Desativou Alarme Protetor dianteiro aberto
15:47:12 Desativou Alarme Molde nao fechado
15:47:12 Ativou Alarme Protetor dianteiro aberto
15:47:12 Ativou Alarme Molde nao fechado
15:47:12 Desativou Alarme Protetor dianteiro aberto
15:47:12 Desativou Alarme Molde nao fechado
15:47:13 Ativou Alarme Protetor dianteiro aberto
15:47:13 Ativou Alarme Molde nao fechado
15:47:13 Desativou Alarme Protetor dianteiro aberto
15:47:14 Desativou Alarme Molde nao fechado
15:47:14 Ativou Alarme Protetor dianteiro aberto
15:47:14 Ativou Alarme Molde nao fechado
15:47:14 Desativou Alarme Protetor dianteiro aberto
15:47:14 Desativou Alarme Molde nao fechado
15:47:22 sensorProtetorDiantFechado=1 (ant=0)
15:47:23 Ativou Alarme Molde nao fechado
15:47:23 Desativou Alarme Molde nao fechado
15:47:24 Ativou Alarme Molde nao fechado
15:47:24 Desativou Alarme Molde nao fechado
15:47:25 Ativou Alarme Molde nao fechado
15:47:25 Desativou Alarme Molde nao fechado
15:47:25 Ativou Alarme Molde nao fechado
15:47:25 Desativou Alarme Molde nao fechado
15:47:26 Ativou Alarme Molde nao fechado
15:47:26 Desativou Alarme Molde nao fechado
15:47:38 sensorProtetorDiantFechado=0 (ant=1)
15:47:38 Ativou Alarme Protetor dianteiro aberto
15:47:39 Desativou Alarme Protetor dianteiro aberto
15:47:39 Ativou Alarme Protetor dianteiro aberto
15:47:39 Desativou Alarme Protetor dianteiro aberto
15:47:40 Ativou Alarme Protetor dianteiro aberto
15:47:40 Desativou Alarme Protetor dianteiro aberto
15:47:40 Ativou Alarme Protetor dianteiro aberto
15:47:40 Desativou Alarme Protetor dianteiro aberto
15:47:40 Ativou Alarme Protetor dianteiro aberto
15:47:40 Desativou Alarme Protetor dianteiro aberto
15:47:41 Ativou Alarme Protetor dianteiro aberto
15:47:41 Desativou Alarme Protetor dianteiro aberto
15:47:41 Ativou Alarme Protetor dianteiro aberto
15:47:41 Desativou Alarme Protetor dianteiro aberto
15:47:41 Ativou Alarme Protetor dianteiro aberto
15:47:41 Desativou Alarme Protetor dianteiro aberto
15:47:41 Ativou Alarme Protetor dianteiro aberto
15:47:41 Desativou Alarme Protetor dianteiro aberto
15:47:42 Ativou Alarme Protetor dianteiro aberto
15:47:42 Desativou Alarme Protetor dianteiro aberto
15:47:42 Ativou Alarme Protetor dianteiro aberto
15:47:42 Desativou Alarme Protetor dianteiro aberto
15:47:42 Ativou Alarme Protetor dianteiro aberto
15:47:43 Desativou Alarme Protetor dianteiro aberto
15:47:44 Ativou Alarme Protetor dianteiro aberto
15:47:44 Desativou Alarme Protetor dianteiro aberto
15:47:44 Ativou Alarme Protetor dianteiro aberto
15:47:44 Desativou Alarme Protetor dianteiro aberto
15:47:45 Ativou Alarme Protetor dianteiro aberto
15:47:45 Desativou Alarme Protetor dianteiro aberto
15:47:47 sensorProtetorDiantFechado=1 (ant=0)
15:50:07 Ligou CLP
15:50:07 Ativou Alarme Motor desligado
15:50:12 Desativou Alarme Motor desligado
15:50:17 Ativou Alarme Protetor dianteiro aberto
15:50:17 Ativou Alarme Molde nao fechado
15:50:17 Desativou Alarme Protetor dianteiro aberto
15:50:17 Desativou Alarme Molde nao fechado
15:50:17 Ativou Alarme Protetor dianteiro aberto
15:50:17 Ativou Alarme Molde nao fechado
15:50:18 Desativou Alarme Protetor dianteiro aberto
15:50:18 Desativou Alarme Molde nao fechado
15:50:18 Ativou Alarme Protetor dianteiro aberto
15:50:18 Ativou Alarme Molde nao fechado
15:50:18 Desativou Alarme Protetor dianteiro aberto
15:50:18 Desativou Alarme Molde nao fechado
15:50:18 Ativou Alarme Protetor dianteiro aberto
15:50:18 Ativou Alarme Molde nao fechado
15:50:19 Desativou Alarme Protetor dianteiro aberto
15:50:19 Desativou Alarme Molde nao fechado
15:50:19 Ativou Alarme Protetor dianteiro aberto
15:50:19 Ativou Alarme Molde nao fechado
15:50:19 Desativou Alarme Protetor dianteiro aberto
15:50:19 Desativou Alarme Molde nao fechado
15:50:19 Ativou Alarme Protetor dianteiro aberto
15:50:19 Ativou Alarme Molde nao fechado
15:50:19 Desativou Alarme Protetor dianteiro aberto
15:50:19 Desativou Alarme Molde nao fechado
15:50:21 Ativou Alarme Protetor dianteiro aberto
15:50:22 Desativou Alarme Protetor dianteiro aberto
15:50:23 Ativou Alarme Protetor dianteiro aberto
15:50:25 Desativou Alarme Protetor dianteiro aberto
15:50:29 Ativou Alarme Protetor dianteiro aberto
15:50:29 Desativou Alarme Protetor dianteiro aberto
15:50:30 Ativou Alarme Protetor dianteiro aberto
15:50:30 Desativou Alarme Protetor dianteiro aberto
15:50:31 Ativou Alarme Protetor dianteiro aberto
15:50:31 Desativou Alarme Protetor dianteiro aberto
15:50:34 Ativou Alarme Protetor dianteiro aberto
15:50:34 Desativou Alarme Protetor dianteiro aberto
15:50:34 Ativou Alarme Protetor dianteiro aberto
15:50:34 Desativou Alarme Protetor dianteiro aberto
15:50:35 Ativou Alarme Protetor dianteiro aberto
15:50:35 Desativou Alarme Protetor dianteiro aberto
15:50:36 Ativou Alarme Protetor dianteiro aberto
15:50:36 Desativou Alarme Protetor dianteiro aberto
15:50:36 Ativou Alarme Protetor dianteiro aberto
15:50:36 Desativou Alarme Protetor dianteiro aberto
15:50:36 Ativou Alarme Protetor dianteiro aberto
15:50:37 Desativou Alarme Protetor dianteiro aberto
15:50:37 Ativou Alarme Protetor dianteiro aberto
15:50:37 Desativou Alarme Protetor dianteiro aberto
15:50:37 Ativou Alarme Protetor dianteiro aberto
15:50:37 Desativou Alarme Protetor dianteiro aberto
15:50:38 Ativou Alarme Protetor dianteiro aberto
15:50:38 Desativou Alarme Protetor dianteiro aberto
15:50:38 Ativou Alarme Protetor dianteiro aberto
15:50:39 Desativou Alarme Protetor dianteiro aberto
15:50:39 Ativou Alarme Protetor dianteiro aberto
15:50:39 Desativou Alarme Protetor dianteiro aberto
15:50:39 Ativou Alarme Protetor dianteiro aberto
15:50:40 Desativou Alarme Protetor dianteiro aberto
15:50:40 Ativou Alarme Protetor dianteiro aberto
15:50:40 Desativou Alarme Protetor dianteiro aberto
15:50:40 Ativou Alarme Protetor dianteiro aberto
15:50:40 Desativou Alarme Protetor dianteiro aberto
15:50:57 sensorProtetorDiantFechado=1 (ant=0)
15:50:59 Ativou Alarme Molde nao fechado
15:50:59 Desativou Alarme Molde nao fechado
15:51:00 Ativou Alarme Molde nao fechado
15:51:01 Desativou Alarme Molde nao fechado
15:51:01 Ativou Alarme Molde nao fechado
15:51:01 Desativou Alarme Molde nao fechado
15:51:01 Ativou Alarme Molde nao fechado
15:51:01 Desativou Alarme Molde nao fechado
15:51:01 Ativou Alarme Molde nao fechado
15:51:01 Desativou Alarme Molde nao fechado
15:51:02 Ativou Alarme Molde nao fechado
15:51:02 Desativou Alarme Molde nao fechado
15:51:24 Ativou Alarme Molde nao fechado
15:51:24 Desativou Alarme Molde nao fechado
15:51:45 sensorMaquinaTravada=1 (ant=0)
15:51:58 sensorAmortecimentoFechamento=1 (ant=0)
15:54:27 Ligou CLP
15:54:27 Ativou Alarme Motor desligado
15:54:52 sensorProtetorDiantFechado=1 (ant=0)
15:55:02 Desativou Alarme Motor desligado
15:55:05 sensorMaquinaTravada=1 (ant=0)
15:55:12 sensorAmortecimentoFechamento=1 (ant=0)
15:55:58 sensorMaquinaTravada=0 (ant=1)
15:56:01 Ativou Alarme Completar curso de dosagem manualmente
15:56:01 Ativou Alarme Tempo maximo de ciclo excedido
15:56:17 Desativou Alarme Completar curso de dosagem manualmente
15:56:17 Desativou Alarme Tempo maximo de ciclo excedido
15:56:33 senhaCorrente=****
15:57:23 tempoMaximoCiclo=99999 (ant=0)
16:02:02 Ativou Alarme Completar curso de dosagem manualmente
16:02:08 Desativou Alarme Completar curso de dosagem manualmente
16:02:13 sensorFimDosagem=1 (ant=0)
16:02:23 sensorAmortecimentoFechamento=0 (ant=1)
16:02:24 sensorAmortecimentoFechamento=1 (ant=0)
16:02:27 sensorMaquinaTravada=1 (ant=0)
16:02:37 sensorPassagemParaRecalque=1 (ant=0)
16:03:04 sensorMaquinaTravada=0 (ant=1)
16:03:09 sensorAmortecimentoAbertura=1 (ant=0)
16:03:11 sensorMoldeAberto=1 (ant=0)
16:03:17 sensorMoldeAberto=0 (ant=1)
16:03:19 sensorAmortecimentoAbertura=0 (ant=1)
16:03:22 sensorMaquinaTravada=1 (ant=0)
16:03:27 sensorPassagemParaRecalque=0 (ant=1)
16:03:40 sensorMaquinaTravada=0 (ant=1)
16:03:41 sensorAmortecimentoFechamento=0 (ant=1)
16:03:43 sensorProtecaoMolde=1 (ant=0)
16:03:44 sensorProtecaoMolde=0 (ant=1)
16:03:51 sensorAmortecimentoAbertura=1 (ant=0)
16:03:52 sensorMoldeAberto=1 (ant=0)
16:03:55 sensorMoldeAberto=0 (ant=1)
16:03:56 sensorAmortecimentoAbertura=0 (ant=1)
16:03:58 sensorAmortecimentoFechamento=1 (ant=0)
16:03:59 sensorMaquinaTravada=1 (ant=0)
16:04:03 sensorFimDosagem=0 (ant=1)
16:04:08 sensorPassagemParaRecalque=1 (ant=0)
16:04:14 sensorPassagemParaRecalque=0 (ant=1)
16:04:16 sensorFimDosagem=1 (ant=0)
16:04:19 sensorMaquinaTravada=0 (ant=1)
16:04:20 sensorAmortecimentoFechamento=0 (ant=1)
16:04:23 sensorAmortecimentoAbertura=1 (ant=0)
16:04:24 sensorMoldeAberto=1 (ant=0)
16:05:47 pressaoFechamentoMolde=1 (ant=0)
16:05:48 pressaoAmortecFechamMolde=2 (ant=0)
16:05:49 perssaoProtecaoMolde=3 (ant=0)
16:05:54 retFechamentoMolde=20 (ant=0)
16:06:02 pressaoAberturaMolde=4 (ant=0)
16:06:03 pressaoAmortecAbertMolde=5 (ant=0)
16:06:16 pressaoIntrusao=6 (ant=0)
16:06:18 pressaoPreenchimento=7 (ant=0)
16:06:19 pressaoRecalque=8 (ant=0)
16:06:35 durResfriamento=300 (ant=0)
16:06:37 durRecalque=300 (ant=0)
16:06:42 durPreenchimento=300 (ant=0)
16:06:59 pressaoDosagem=9 (ant=0)
16:07:38 sensorAmortecimentoFechamento=1 (ant=0)
16:07:47 sensorProtecaoMolde=1 (ant=0)
16:07:53 sensorMaquinaTravada=1 (ant=0)
16:07:53 Ativou Alarme Problema nos fins de curso do Molde
16:07:53 Ativou Alarme Motor desligado
16:08:08 sensorMoldeAberto=0 (ant=1)
16:08:08 Desativou Alarme Problema nos fins de curso do Molde
16:08:09 sensorMoldeAberto=1 (ant=0)
16:08:09 Ativou Alarme Problema nos fins de curso do Molde
16:08:11 sensorMaquinaTravada=0 (ant=1)
16:08:11 Desativou Alarme Problema nos fins de curso do Molde
16:08:12 sensorAmortecimentoFechamento=0 (ant=1)
16:08:12 sensorProtecaoMolde=0 (ant=1)
16:08:29 Desativou Alarme Motor desligado
16:08:41 sensorMoldeAberto=0 (ant=1)
16:08:42 sensorAmortecimentoAbertura=0 (ant=1)
16:08:44 sensorAmortecimentoFechamento=1 (ant=0)
16:08:49 sensorProtecaoMolde=1 (ant=0)
16:08:54 sensorMaquinaTravada=1 (ant=0)
16:09:20 sensorPassagemParaRecalque=1 (ant=0)
16:09:40 sensorMaquinaTravada=0 (ant=1)
16:09:41 sensorAmortecimentoFechamento=0 (ant=1)
16:09:42 sensorProtecaoMolde=0 (ant=1)
16:09:57 sensorAmortecimentoAbertura=1 (ant=0)
16:10:01 sensorMoldeAberto=1 (ant=0)
16:41:48 Ligou CLP
16:41:49 Ativou Alarme Motor desligado
16:41:54 senhaCorrente=****
16:42:05 Desativou Alarme Motor desligado
16:42:08 sensorProtetorDiantFechado=1 (ant=0)
16:44:25 Ligou CLP
16:44:26 Ativou Alarme Motor desligado
16:45:43 Ligou CLP
16:45:43 Ativou Alarme Motor desligado
16:45:57 Desativou Alarme Motor desligado
16:46:01 sensorProtetorDiantFechado=1 (ant=0)
16:46:04 Ativou Alarme Completar curso de dosagem manualmente
16:46:13 Desativou Alarme Completar curso de dosagem manualmente
16:46:16 sensorFimDosagem=1 (ant=0)
16:46:33 sensorAmortecimentoFechamento=1 (ant=0)
16:46:35 sensorProtecaoMolde=1 (ant=0)
16:46:37 sensorMaquinaTravada=1 (ant=0)
16:46:42 sensorFimDosagem=0 (ant=1)
16:46:52 sensorPassagemParaRecalque=1 (ant=0)
16:46:58 sensorPassagemParaRecalque=0 (ant=1)
16:47:00 sensorFimDosagem=1 (ant=0)
16:47:06 sensorMaquinaTravada=0 (ant=1)
16:47:07 sensorAmortecimentoFechamento=0 (ant=1)
16:47:09 sensorProtecaoMolde=0 (ant=1)
16:47:13 sensorProtecaoMolde=1 (ant=0)
16:47:15 sensorProtecaoMolde=0 (ant=1)
16:47:17 sensorAmortecimentoAbertura=1 (ant=0)
16:47:20 sensorMoldeAberto=1 (ant=0)
16:47:34 sensorAmortecimentoAbertura=0 (ant=1)
16:47:35 sensorMoldeAberto=0 (ant=1)
16:47:41 sensorAmortecimentoFechamento=1 (ant=0)
16:47:42 sensorProtecaoMolde=1 (ant=0)
16:47:44 sensorMaquinaTravada=1 (ant=0)
16:47:47 sensorFimDosagem=0 (ant=1)
16:47:49 sensorPassagemParaRecalque=1 (ant=0)
16:47:55 sensorPassagemParaRecalque=0 (ant=1)
16:47:57 sensorFimDosagem=1 (ant=0)
16:48:00 sensorMaquinaTravada=0 (ant=1)
16:48:01 sensorAmortecimentoFechamento=0 (ant=1)
16:48:02 sensorProtecaoMolde=0 (ant=1)
16:48:05 sensorAmortecimentoAbertura=1 (ant=0)
16:48:12 sensorMoldeAberto=1 (ant=0)
16:49:31 Ligou CLP
16:49:31 Ativou Alarme Motor desligado
16:49:34 Desativou Alarme Motor desligado
16:49:36 sensorProtetorDiantFechado=1 (ant=0)
16:49:39 sensorFimDosagem=1 (ant=0)
16:49:43 senhaCorrente=****
16:49:57 habPassagemParaRecalquePorTempo=1 (ant=0)
16:50:08 sensorAmortecimentoFechamento=1 (ant=0)
16:50:09 sensorProtecaoMolde=1 (ant=0)
16:50:14 sensorMaquinaTravada=1 (ant=0)
16:50:20 sensorFimDosagem=0 (ant=1)
16:50:40 sensorMaquinaTravada=0 (ant=1)
16:50:41 sensorAmortecimentoFechamento=0 (ant=1)
16:50:41 sensorProtecaoMolde=0 (ant=1)
16:50:43 sensorAmortecimentoAbertura=1 (ant=0)
16:50:43 sensorMoldeAberto=1 (ant=0)
16:50:46 sensorMoldeAberto=0 (ant=1)
16:50:46 sensorAmortecimentoAbertura=0 (ant=1)
16:50:50 sensorAmortecimentoFechamento=1 (ant=0)
16:51:02 sensorFimDosagem=1 (ant=0)
16:51:16 sensorProtecaoMolde=1 (ant=0)
16:51:19 sensorMaquinaTravada=1 (ant=0)
16:51:57 durPreenchimento=500 (ant=300)
16:51:59 sensorMaquinaTravada=0 (ant=1)
16:52:00 sensorAmortecimentoFechamento=0 (ant=1)
16:52:00 sensorProtecaoMolde=0 (ant=1)
16:52:06 sensorAmortecimentoAbertura=1 (ant=0)
16:52:07 sensorMoldeAberto=1 (ant=0)
16:52:11 sensorMoldeAberto=0 (ant=1)
16:52:12 sensorAmortecimentoAbertura=0 (ant=1)
16:52:14 sensorAmortecimentoFechamento=1 (ant=0)
16:52:16 sensorProtecaoMolde=1 (ant=0)
16:52:19 sensorMaquinaTravada=1 (ant=0)
16:52:21 sensorFimDosagem=0 (ant=1)
16:52:32 sensorFimDosagem=1 (ant=0)
16:53:09 Ligou CLP
16:53:09 Ativou Alarme Motor desligado
16:53:13 senhaCorrente=****
16:53:15 Desativou Alarme Motor desligado
16:53:18 sensorProtetorDiantFechado=1 (ant=0)
16:53:33 durIntrusao=500 (ant=0)
16:53:34 habPassagemParaRecalquePorTempo=0 (ant=1)
16:53:41 sensorFimDosagem=1 (ant=0)
16:53:53 sensorAmortecimentoFechamento=1 (ant=0)
16:53:56 sensorProtecaoMolde=1 (ant=0)
16:53:59 sensorMaquinaTravada=1 (ant=0)
16:54:14 sensorFimDosagem=0 (ant=1)
16:54:17 sensorPassagemParaRecalque=1 (ant=0)
16:54:24 sensorPassagemParaRecalque=0 (ant=1)
16:54:26 sensorFimDosagem=1 (ant=0)
16:54:29 sensorMaquinaTravada=0 (ant=1)
16:54:29 sensorAmortecimentoFechamento=0 (ant=1)
16:54:30 sensorProtecaoMolde=0 (ant=1)
16:54:33 sensorAmortecimentoAbertura=1 (ant=0)
16:54:34 sensorMoldeAberto=1 (ant=0)
16:54:41 sensorAmortecimentoAbertura=0 (ant=1)
16:54:42 sensorMoldeAberto=0 (ant=1)
16:54:44 sensorAmortecimentoFechamento=1 (ant=0)
16:54:44 sensorProtecaoMolde=1 (ant=0)
16:54:47 sensorMaquinaTravada=1 (ant=0)
16:54:58 sensorPassagemParaRecalque=1 (ant=0)
16:59:52 Ligou CLP
16:59:53 Ativou Alarme Motor desligado
16:59:56 Desativou Alarme Motor desligado
17:00:03 sensorProtetorDiantFechado=1 (ant=0)
17:00:24 Ativou Alarme Completar curso de dosagem manualmente
17:00:27 Desativou Alarme Completar curso de dosagem manualmente
17:12:14 Ligou CLP
17:12:14 Ativou Alarme Motor desligado
17:12:16 Desativou Alarme Motor desligado
17:12:18 sensorProtetorDiantFechado=1 (ant=0)
17:12:20 sensorFimDosagem=1 (ant=0)
17:12:33 sensorAmortecimentoFechamento=1 (ant=0)
17:12:33 sensorProtecaoMolde=1 (ant=0)
17:12:36 sensorMaquinaTravada=1 (ant=0)
17:12:38 sensorMaquinaTravada=0 (ant=1)
17:12:41 Ativou Alarme Destravou fechamento do molde durante injecao
17:12:41 Ativou Alarme Molde nao fechado
17:13:01 senhaCorrente=****
17:13:11 durIntrusao=0 (ant=500)
17:13:26 Desativou Alarme Destravou fechamento do molde durante injecao
17:13:26 Desativou Alarme Molde nao fechado
17:13:28 sensorAmortecimentoFechamento=0 (ant=1)
17:13:29 sensorProtecaoMolde=0 (ant=1)
17:13:36 sensorAmortecimentoFechamento=1 (ant=0)
17:13:37 sensorProtecaoMolde=1 (ant=0)
17:13:37 sensorMaquinaTravada=1 (ant=0)
17:13:40 sensorMaquinaTravada=0 (ant=1)
17:13:40 Ativou Alarme Molde nao fechado
17:13:40 Ativou Alarme Destravou fechamento do molde durante injecao
17:13:51 Desativou Alarme Destravou fechamento do molde durante injecao
17:13:51 Desativou Alarme Molde nao fechado
17:13:55 sensorAmortecimentoFechamento=0 (ant=1)
17:13:56 sensorProtecaoMolde=0 (ant=1)
17:14:08 sensorAmortecimentoFechamento=1 (ant=0)
17:14:08 sensorProtecaoMolde=1 (ant=0)
17:14:11 sensorMaquinaTravada=1 (ant=0)
17:14:12 sensorMaquinaTravada=0 (ant=1)
17:14:12 Ativou Alarme Molde nao fechado
17:14:12 Ativou Alarme Destravou fechamento do molde durante injecao
17:14:32 Desativou Alarme Destravou fechamento do molde durante injecao
17:14:32 Desativou Alarme Molde nao fechado
17:15:07 sensorMaquinaTravada=1 (ant=0)
17:15:11 sensorMoldeAberto=1 (ant=0)
17:15:11 Ativou Alarme Problema nos fins de curso do Molde
17:15:11 Ativou Alarme Motor desligado
17:15:13 sensorMoldeAberto=0 (ant=1)
17:15:13 Desativou Alarme Problema nos fins de curso do Molde
17:15:17 sensorMaquinaTravada=0 (ant=1)
17:15:27 sensorMaquinaTravada=1 (ant=0)
17:15:30 sensorMoldeAberto=1 (ant=0)
17:15:30 Ativou Alarme Problema nos fins de curso do Molde
17:15:36 sensorMoldeAberto=0 (ant=1)
17:15:36 Desativou Alarme Problema nos fins de curso do Molde
17:15:37 sensorMaquinaTravada=0 (ant=1)
17:15:38 Desativou Alarme Motor desligado
17:15:42 sensorAmortecimentoFechamento=0 (ant=1)
17:15:43 sensorProtecaoMolde=0 (ant=1)
17:15:54 sensorAmortecimentoFechamento=1 (ant=0)
17:15:54 sensorProtecaoMolde=1 (ant=0)
17:15:55 sensorMaquinaTravada=1 (ant=0)
17:15:56 sensorMoldeAberto=1 (ant=0)
17:15:56 Ativou Alarme Problema nos fins de curso do Molde
17:15:56 Ativou Alarme Motor desligado
17:15:58 sensorMoldeAberto=0 (ant=1)
17:16:20 Desativou Alarme Problema nos fins de curso do Molde
17:16:21 Desativou Alarme Motor desligado
17:16:25 sensorMaquinaTravada=0 (ant=1)
17:16:26 sensorAmortecimentoFechamento=0 (ant=1)
17:16:27 sensorProtecaoMolde=0 (ant=1)
17:16:32 habControleProducao=1 (ant=0)
17:16:32 Ativou Alarme Producao atingida
17:16:33 ciclosProgramadosControleProducao=2 (ant=0)
17:16:49 Desativou Alarme Producao atingida
17:17:05 sensorAmortecimentoFechamento=1 (ant=0)
17:17:06 sensorProtecaoMolde=1 (ant=0)
17:17:07 sensorMaquinaTravada=1 (ant=0)
17:17:12 sensorPassagemParaRecalque=1 (ant=0)
17:17:14 sensorFimDosagem=0 (ant=1)
17:17:20 sensorPassagemParaRecalque=0 (ant=1)
17:17:22 sensorFimDosagem=1 (ant=0)
17:17:24 sensorMaquinaTravada=0 (ant=1)
17:17:24 sensorAmortecimentoFechamento=0 (ant=1)
17:17:25 sensorProtecaoMolde=0 (ant=1)
17:17:26 sensorAmortecimentoAbertura=1 (ant=0)
17:17:32 sensorMoldeAberto=1 (ant=0)
17:17:35 sensorMoldeAberto=0 (ant=1)
17:17:37 sensorAmortecimentoAbertura=0 (ant=1)
17:17:38 sensorAmortecimentoFechamento=1 (ant=0)
17:17:39 sensorProtecaoMolde=1 (ant=0)
17:17:39 sensorMaquinaTravada=1 (ant=0)
17:17:39 Ativou Alarme Producao atingida
17:17:43 sensorFimDosagem=0 (ant=1)
17:17:45 sensorPassagemParaRecalque=1 (ant=0)
17:18:01 sensorPassagemParaRecalque=0 (ant=1)
17:18:03 sensorFimDosagem=1 (ant=0)
17:18:08 sensorMaquinaTravada=0 (ant=1)
17:18:09 sensorAmortecimentoFechamento=0 (ant=1)
17:18:10 sensorProtecaoMolde=0 (ant=1)
17:18:11 sensorAmortecimentoAbertura=1 (ant=0)
17:18:13 sensorMoldeAberto=1 (ant=0)
17:18:44 habControleProducao=0 (ant=1)
17:18:55 Desativou Alarme Producao atingida
